build/outputs/mapping/lucidkanban/release/mapping.txt
# compiler: R8
# compiler_version: 1.4.94
# min_api: 21
...
android.support.v7.app.AppCompatDelegateImpl$ActionMenuPresenterCallback -> a.b.g.a.y$b:
    android.support.v7.app.AppCompatDelegateImpl this$0 -> a
    void onCloseMenu(android.support.v7.view.menu.MenuBuilder,boolean) -> a
    boolean onOpenSubMenu(android.support.v7.view.menu.MenuBuilder) -> a
android.support.v7.app.AppCompatDelegateImpl$ActionModeCallbackWrapperV9 -> a.b.g.a.y$c:
    android.support.v7.view.ActionMode$Callback mWrapped -> a
    android.support.v7.app.AppCompatDelegateImpl this$0 -> b
    boolean onActionItemClicked(android.support.v7.view.ActionMode,android.view.MenuItem) -> a
    boolean onCreateActionMode(android.support.v7.view.ActionMode,android.view.Menu) -> a
    void onDestroyActionMode(android.support.v7.view.ActionMode) -> a
    boolean onPrepareActionMode(android.support.v7.view.ActionMode,android.view.Menu) -> b
android.support.v7.app.AppCompatDelegateImpl$ActionModeCallbackWrapperV9$1 -> a.b.g.a.z:
    android.support.v7.app.AppCompatDelegateImpl$ActionModeCallbackWrapperV9 this$1 -> a
    void onAnimationEnd(android.view.View) -> b
android.support.v7.app.AppCompatDelegateImpl$AppCompatWindowCallback -> a.b.g.a.y$d:
    android.support.v7.app.AppCompatDelegateImpl this$0 -> b
    android.view.ActionMode startAsSupportActionMode(android.view.ActionMode$Callback) -> a
    1:1:boolean android.support.v7.view.WindowCallbackWrapper.dispatchKeyEvent(android.view.KeyEvent):0:0 -> dispatchKeyEvent
    1:1:boolean dispatchKeyEvent(android.view.KeyEvent):0 -> dispatchKeyEvent
    1:1:boolean android.support.v7.view.WindowCallbackWrapper.dispatchKeyShortcutEvent(android.view.KeyEvent):0:0 -> dispatchKeyShortcutEvent
    1:1:boolean dispatchKeyShortcutEvent(android.view.KeyEvent):0 -> dispatchKeyShortcutEvent
    2:2:boolean dispatchKeyShortcutEvent(android.view.KeyEvent):0:0 -> dispatchKeyShortcutEvent
    3:3:android.support.v7.app.ActionBar android.support.v7.app.AppCompatDelegateImpl.getSupportActionBar():0:0 -> dispatchKeyShortcutEvent
    3:3:boolean android.support.v7.app.AppCompatDelegateImpl.onKeyShortcut(int,android.view.KeyEvent):0 -> dispatchKeyShortcutEvent
    3:3:boolean dispatchKeyShortcutEvent(android.view.KeyEvent):0 -> dispatchKeyShortcutEvent
    4:4:boolean android.support.v7.app.AppCompatDelegateImpl.onKeyShortcut(int,android.view.KeyEvent):0:0 -> dispatchKeyShortcutEvent
    4:4:boolean dispatchKeyShortcutEvent(android.view.KeyEvent):0 -> dispatchKeyShortcutEvent
    1:1:boolean android.support.v7.view.WindowCallbackWrapper.onCreatePanelMenu(int,android.view.Menu):0:0 -> onCreatePanelMenu
android.support.v7.app.AppCompatDelegateImpl$AutoNightModeManager -> a.b.g.a.y$e:
    android.support.v7.app.TwilightManager mTwilightManager -> a
    android.support.v7.app.AppCompatDelegateImpl this$0 -> e
    android.content.IntentFilter mAutoTimeChangeReceiverFilter -> d
    android.content.BroadcastReceiver mAutoTimeChangeReceiver -> c
    boolean mIsNight -> b
    void cleanup() -> a
android.support.v7.app.AppCompatDelegateImpl$AutoNightModeManager$1 -> a.b.g.a.A:
    android.support.v7.app.AppCompatDelegateImpl$AutoNightModeManager this$1 -> a
    1:1:void android.support.v7.app.AppCompatDelegateImpl$AutoNightModeManager.dispatchTimeChanged():0:0 -> onReceive
    1:1:void onReceive(android.content.Context,android.content.Intent):0 -> onReceive